2025-04-25 11:10:36 新书上榜: 我在斗罗里当恶毒女配 - 井妮宝宝 - 106000 字
2025-04-25 11:10:36 新书上榜: 在仙界卖刮刮乐，假千金逆天改命 - 言潇和 - 105000 字
2025-04-25 11:10:36 新书上榜: 我都恶毒嫡姐了，抢女主剧本咋啦 - 随许 - 101000 字
2025-04-25 11:10:36 新书上榜: 恶毒师尊养崽，全员爆改龙傲天 - 吃藕的虾 - 97000 字
2025-04-25 11:10:36 新书上榜: 极寒兽世绑定系统，兽夫们真香了 - 社恐小行星 - 95000 字
2025-04-25 11:10:36 新书上榜: 逾期热恋 - 余安家的猫 - 77000 字
2025-04-25 11:10:36 新书上榜: 开机甲哪有种地香，种出个地球 - 油爆山竹 - 75000 字
2025-04-25 11:10:36 新书上榜: 末世嘤嘤怪？一拳捶死丧尸王 - 茶茶以茶茶 - 74000 字
2025-04-25 11:10:36 新书上榜: 救命！回村种田后被美男们缠上了 - 每天都想吃烧烤 - 67000 字
2025-04-25 11:10:36 新书上榜: 上交好孕系统后，我成了祖国团宠 - 是小羽不是小雨 - 67000 字
2025-04-25 11:10:36 新书上榜: 万人嫌绝症后，雄竞修罗场炸了 - 明月生花 - 65000 字
2025-04-25 11:10:36 新书上榜: 醉酒失名节？禁欲王爷来暧昧诱宠 - 罗文生辉 - 64000 字
2025-04-25 11:10:36 新书上榜: 念云起 - 我好苦 - 51000 字
2025-04-25 11:10:36 新书上榜: 渣爹抛妻弃女前，小奶团重生了 - 冷清木 - 44000 字
2025-04-25 11:10:36 新书上榜: 改嫁绝嗣厂长，好孕娇娇带飞全家 - 楠楠回家了 - 41000 字
2025-04-25 11:10:36 新书上榜: 重生团宠：成了顶级权贵的白月光 - 山月诗酒 - 37000 字
2025-04-25 18:12:33 新书上榜: 年代：从跟女大学生离婚开始 - 喵力求食 - 2900000 字
2025-04-25 18:12:33 重点书籍达到 10 万字: 年代：从跟女大学生离婚开始 - 喵力求食 - 2900000 字
2025-04-25 20:24:25 新书上榜: 暗藏春潮 - 槿郗 - 13000 字
2025-04-25 20:40:01 新书上榜: 港夜缠欢 - 青禾吉音 - 28000 字
2025-04-25 20:40:01 新书上榜: 暗藏春潮 - 槿郗 - 13000 字
2025-04-25 20:51:41 新书上榜: 斗罗：霍雨浩的百式攻略手册 - 空落星雨 - 30000 字
2025-04-25 21:55:34 重点关注书籍达到 7 万字: 在废土当幼崽园园长，被雄竞了？ - 八克油 - 119000 字
2025-04-25 21:55:34 已完成书籍达到 10 万字: 年代：从跟女大学生离婚开始 - 喵力求食 - 2900000 字
